<?xml version="1.0" encoding="UTF-8"?>
<!-- Generated by org.testng.reporters.JUnitXMLReporter -->
<testsuite hostname="DESKTOP-9FQ5FG2" ignored="0" name="Default test" tests="5" failures="0" timestamp="02 Jun 2020 20:15:47 GMT" time="95.602" errors="0">
  <testcase name="BrowserStackTest" time="6.937" classname="com.test.DataDivenTest"/>
  <testcase name="BrowserStackTest" time="7.372" classname="com.test.DataDivenTest"/>
  <testcase name="BrowserStackTest" time="7.517" classname="com.test.DataDivenTest"/>
  <testcase name="BrowserStackTest" time="7.544" classname="com.test.DataDivenTest"/>
  <testcase name="BrowserStackTest" time="7.218" classname="com.test.DataDivenTest"/>
</testsuite> <!-- Default test -->
