<?xml version="1.0" encoding="UTF-8"?>
<testng-results skipped="0" failed="0" ignored="0" total="5" passed="5">
  <reporter-output>
  </reporter-output>
  <suite name="Default suite" duration-ms="95602" started-at="2020-06-02T20:14:11Z" finished-at="2020-06-02T20:15:47Z">
    <groups>
    </groups>
    <test name="Default test" duration-ms="95602" started-at="2020-06-02T20:14:11Z" finished-at="2020-06-02T20:15:47Z">
      <class name="com.test.DataDivenTest">
        <test-method status="PASS" signature="setUp()[pri:0, instance:com.test.DataDivenTest@7d9d1a19]" name="setUp" is-config="true" duration-ms="10703" started-at="2020-06-03T01:44:12Z" finished-at="2020-06-03T01:44:23Z">
          <reporter-output>
          </reporter-output>
        </test-method> <!-- setUp -->
        <test-method status="PASS" signature="BrowserStackTest(java.lang.String, java.lang.String)[pri:0, instance:com.test.DataDivenTest@7d9d1a19]" name="BrowserStackTest" duration-ms="6937" started-at="2020-06-03T01:44:23Z" data-provider="myTestData" finished-at="2020-06-03T01:44:30Z">
          <params>
            <param index="0">
              <value>
                <![CDATA[parvejalom1009@gmail.com]]>
              </value>
            </param>
            <param index="1">
              <value>
                <![CDATA[Hexer123@]]>
              </value>
            </param>
          </params>
          <reporter-output>
          </reporter-output>
        </test-method> <!-- BrowserStackTest -->
        <test-method status="PASS" signature="tearDown()[pri:0, instance:com.test.DataDivenTest@7d9d1a19]" name="tearDown" is-config="true" duration-ms="742" started-at="2020-06-03T01:44:30Z" finished-at="2020-06-03T01:44:30Z">
          <reporter-output>
          </reporter-output>
        </test-method> <!-- tearDown -->
        <test-method status="PASS" signature="setUp()[pri:0, instance:com.test.DataDivenTest@7d9d1a19]" name="setUp" is-config="true" duration-ms="11221" started-at="2020-06-03T01:44:30Z" finished-at="2020-06-03T01:44:42Z">
          <reporter-output>
          </reporter-output>
        </test-method> <!-- setUp -->
        <test-method status="PASS" signature="BrowserStackTest(java.lang.String, java.lang.String)[pri:0, instance:com.test.DataDivenTest@7d9d1a19]" name="BrowserStackTest" duration-ms="7372" started-at="2020-06-03T01:44:42Z" data-provider="myTestData" finished-at="2020-06-03T01:44:49Z">
          <params>
            <param index="0">
              <value>
                <![CDATA[parvejdlam1009@gmail.com]]>
              </value>
            </param>
            <param index="1">
              <value>
                <![CDATA[Hexer1253@]]>
              </value>
            </param>
          </params>
          <reporter-output>
          </reporter-output>
        </test-method> <!-- BrowserStackTest -->
        <test-method status="PASS" signature="tearDown()[pri:0, instance:com.test.DataDivenTest@7d9d1a19]" name="tearDown" is-config="true" duration-ms="760" started-at="2020-06-03T01:44:49Z" finished-at="2020-06-03T01:44:50Z">
          <reporter-output>
          </reporter-output>
        </test-method> <!-- tearDown -->
        <test-method status="PASS" signature="setUp()[pri:0, instance:com.test.DataDivenTest@7d9d1a19]" name="setUp" is-config="true" duration-ms="9957" started-at="2020-06-03T01:44:50Z" finished-at="2020-06-03T01:45:00Z">
          <reporter-output>
          </reporter-output>
        </test-method> <!-- setUp -->
        <test-method status="PASS" signature="BrowserStackTest(java.lang.String, java.lang.String)[pri:0, instance:com.test.DataDivenTest@7d9d1a19]" name="BrowserStackTest" duration-ms="7517" started-at="2020-06-03T01:45:00Z" data-provider="myTestData" finished-at="2020-06-03T01:45:07Z">
          <params>
            <param index="0">
              <value>
                <![CDATA[parvejklam1009@gmail.com]]>
              </value>
            </param>
            <param index="1">
              <value>
                <![CDATA[Hexer1823@]]>
              </value>
            </param>
          </params>
          <reporter-output>
          </reporter-output>
        </test-method> <!-- BrowserStackTest -->
        <test-method status="PASS" signature="tearDown()[pri:0, instance:com.test.DataDivenTest@7d9d1a19]" name="tearDown" is-config="true" duration-ms="850" started-at="2020-06-03T01:45:07Z" finished-at="2020-06-03T01:45:08Z">
          <reporter-output>
          </reporter-output>
        </test-method> <!-- tearDown -->
        <test-method status="PASS" signature="setUp()[pri:0, instance:com.test.DataDivenTest@7d9d1a19]" name="setUp" is-config="true" duration-ms="12436" started-at="2020-06-03T01:45:08Z" finished-at="2020-06-03T01:45:21Z">
          <reporter-output>
          </reporter-output>
        </test-method> <!-- setUp -->
        <test-method status="PASS" signature="BrowserStackTest(java.lang.String, java.lang.String)[pri:0, instance:com.test.DataDivenTest@7d9d1a19]" name="BrowserStackTest" duration-ms="7544" started-at="2020-06-03T01:45:21Z" data-provider="myTestData" finished-at="2020-06-03T01:45:28Z">
          <params>
            <param index="0">
              <value>
                <![CDATA[parvejglam1009@gmail.com]]>
              </value>
            </param>
            <param index="1">
              <value>
                <![CDATA[Hexer1293@]]>
              </value>
            </param>
          </params>
          <reporter-output>
          </reporter-output>
        </test-method> <!-- BrowserStackTest -->
        <test-method status="PASS" signature="tearDown()[pri:0, instance:com.test.DataDivenTest@7d9d1a19]" name="tearDown" is-config="true" duration-ms="1346" started-at="2020-06-03T01:45:28Z" finished-at="2020-06-03T01:45:29Z">
          <reporter-output>
          </reporter-output>
        </test-method> <!-- tearDown -->
        <test-method status="PASS" signature="setUp()[pri:0, instance:com.test.DataDivenTest@7d9d1a19]" name="setUp" is-config="true" duration-ms="9258" started-at="2020-06-03T01:45:29Z" finished-at="2020-06-03T01:45:39Z">
          <reporter-output>
          </reporter-output>
        </test-method> <!-- setUp -->
        <test-method status="PASS" signature="BrowserStackTest(java.lang.String, java.lang.String)[pri:0, instance:com.test.DataDivenTest@7d9d1a19]" name="BrowserStackTest" duration-ms="7218" started-at="2020-06-03T01:45:39Z" data-provider="myTestData" finished-at="2020-06-03T01:45:46Z">
          <params>
            <param index="0">
              <value>
                <![CDATA[parvejajam1009@gmail.com]]>
              </value>
            </param>
            <param index="1">
              <value>
                <![CDATA[Hexer1823@]]>
              </value>
            </param>
          </params>
          <reporter-output>
          </reporter-output>
        </test-method> <!-- BrowserStackTest -->
        <test-method status="PASS" signature="tearDown()[pri:0, instance:com.test.DataDivenTest@7d9d1a19]" name="tearDown" is-config="true" duration-ms="834" started-at="2020-06-03T01:45:46Z" finished-at="2020-06-03T01:45:47Z">
          <reporter-output>
          </reporter-output>
        </test-method> <!-- tearDown -->
      </class> <!-- com.test.DataDivenTest -->
    </test> <!-- Default test -->
  </suite> <!-- Default suite -->
</testng-results>
